2018/02/06 14:23:16 INFO  - jmeter.util.JMeterUtils: Setting Locale to zh_CN 
2018/02/06 14:23:16 INFO  - jmeter.JMeter: Loading user properties from: E:\first\target\jmeter\bin\user.properties 
2018/02/06 14:23:16 INFO  - jmeter.JMeter: Loading system properties from: E:\first\target\jmeter\bin\system.properties 
2018/02/06 14:23:16 INFO  - jmeter.JMeter: Copyright (c) 1998-2013 The Apache Software Foundation 
2018/02/06 14:23:16 INFO  - jmeter.JMeter: Version 2.10 r1533061 
2018/02/06 14:23:16 INFO  - jmeter.JMeter: java.version=1.8.0_151 
2018/02/06 14:23:16 INFO  - jmeter.JMeter: java.vm.name=Java HotSpot(TM) 64-Bit Server VM 
2018/02/06 14:23:16 INFO  - jmeter.JMeter: os.name=Windows 7 
2018/02/06 14:23:16 INFO  - jmeter.JMeter: os.arch=amd64 
2018/02/06 14:23:16 INFO  - jmeter.JMeter: os.version=6.1 
2018/02/06 14:23:16 INFO  - jmeter.JMeter: file.encoding=GBK 
2018/02/06 14:23:16 INFO  - jmeter.JMeter: Default Locale=中文 (中国) 
2018/02/06 14:23:16 INFO  - jmeter.JMeter: JMeter  Locale=中文 (中国) 
2018/02/06 14:23:16 INFO  - jmeter.JMeter: JMeterHome=E:\first\target\jmeter 
2018/02/06 14:23:16 INFO  - jmeter.JMeter: user.dir  =E:\first\target\jmeter\bin 
2018/02/06 14:23:16 INFO  - jmeter.JMeter: PWD       =E:\first\target\jmeter\bin 
2018/02/06 14:23:16 INFO  - jmeter.JMeter: IP: 10.14.231.58 Name: sz-ssyf-70288 FullName: sz-ssyf-70288.ecc.360buyAD.local 
2018/02/06 14:23:16 INFO  - jmeter.services.FileServer: Default base='E:\first\target\jmeter\bin' 
2018/02/06 14:23:16 INFO  - jmeter.services.FileServer: Set new base='E:\first\src\test\jmeter' 
2018/02/06 14:23:16 INFO  - jmeter.JMeter: Loading file: E:\first\src\test\jmeter\baidu.jmx 
2018/02/06 14:23:16 INFO  - jmeter.save.SaveService: Testplan (JMX) version: 2.2. Testlog (JTL) version: 2.2 
2018/02/06 14:23:16 INFO  - jmeter.save.SaveService: Using SaveService properties file encoding UTF-8 
2018/02/06 14:23:16 INFO  - jmeter.save.SaveService: Using SaveService properties version 2.9 
2018/02/06 14:23:16 WARN  - jmeter.save.SaveService: Bad _version - expected 2.5, found 2.9. 
2018/02/06 14:23:16 INFO  - jmeter.save.SaveService: All converter versions present and correct 
2018/02/06 14:23:16 INFO  - jmeter.protocol.http.sampler.HTTPSamplerBase: Parser for text/html is org.apache.jmeter.protocol.http.parser.LagartoBasedHtmlParser 
2018/02/06 14:23:16 INFO  - jmeter.protocol.http.sampler.HTTPSamplerBase: Parser for application/xhtml+xml is org.apache.jmeter.protocol.http.parser.LagartoBasedHtmlParser 
2018/02/06 14:23:16 INFO  - jmeter.protocol.http.sampler.HTTPSamplerBase: Parser for application/xml is org.apache.jmeter.protocol.http.parser.LagartoBasedHtmlParser 
2018/02/06 14:23:16 INFO  - jmeter.protocol.http.sampler.HTTPSamplerBase: Parser for text/xml is org.apache.jmeter.protocol.http.parser.LagartoBasedHtmlParser 
2018/02/06 14:23:16 INFO  - jmeter.protocol.http.sampler.HTTPSamplerBase: Parser for text/vnd.wap.wml is org.apache.jmeter.protocol.http.parser.RegexpHTMLParser 
2018/02/06 14:23:16 INFO  - jmeter.protocol.http.sampler.HTTPSamplerBase: Parser for text/css is org.apache.jmeter.protocol.http.parser.CssParser 
2018/02/06 14:23:17 INFO  - jmeter.JMeter: Creating summariser <summary> 
2018/02/06 14:23:17 INFO  - jmeter.engine.StandardJMeterEngine: Listeners will be started after enabling running version 
2018/02/06 14:23:17 INFO  - jmeter.engine.StandardJMeterEngine: To revert to the earlier behaviour, define jmeterengine.startlistenerslater=false 
2018/02/06 14:23:17 INFO  - jmeter.engine.StandardJMeterEngine: Running the test! 
2018/02/06 14:23:17 INFO  - jmeter.samplers.SampleEvent: List of sample_variables: [] 
2018/02/06 14:23:17 INFO  - jmeter.samplers.SampleEvent: List of sample_variables: [] 
2018/02/06 14:23:17 INFO  - jmeter.engine.util.CompoundVariable: Note: Function class names must contain the string: '.functions.' 
2018/02/06 14:23:17 INFO  - jmeter.engine.util.CompoundVariable: Note: Function class names must not contain the string: '.gui.' 
2018/02/06 14:23:17 INFO  - jmeter.JMeter: 正在运行的测试 (1517898197134) 
2018/02/06 14:23:17 INFO  - jmeter.engine.StandardJMeterEngine: Starting ThreadGroup: 1 : 线程组 
2018/02/06 14:23:17 INFO  - jmeter.engine.StandardJMeterEngine: Starting 1 threads for group 线程组. 
2018/02/06 14:23:17 INFO  - jmeter.engine.StandardJMeterEngine: Thread will continue on error 
2018/02/06 14:23:17 INFO  - jmeter.threads.ThreadGroup: Starting thread group number 1 threads 1 ramp-up 1 perThread 1000.0 delayedStart=false 
2018/02/06 14:23:17 INFO  - jmeter.threads.JMeterThread: jmeterthread.startearlier=true (see jmeter.properties) 
2018/02/06 14:23:17 INFO  - jmeter.threads.JMeterThread: Running PostProcessors in forward order 
2018/02/06 14:23:17 INFO  - jmeter.threads.ThreadGroup: Started thread group number 1 
2018/02/06 14:23:17 INFO  - jmeter.engine.StandardJMeterEngine: All thread groups have been started 
2018/02/06 14:23:17 INFO  - jmeter.threads.JMeterThread: Thread started: 线程组 1-1 
2018/02/06 14:23:17 INFO  - jmeter.protocol.http.sampler.HTTPHCAbstractImpl: Local host = sz-ssyf-70288 
2018/02/06 14:23:17 INFO  - jmeter.protocol.http.sampler.HTTPHC4Impl: HTTP request retry count = 0 
2018/02/06 14:23:17 INFO  - jmeter.protocol.http.sampler.HTTPHC4Impl: Setting up HTTPS TrustAll scheme 
2018/02/06 14:23:17 INFO  - jmeter.util.JsseSSLManager: Using default SSL protocol: TLS 
2018/02/06 14:23:17 INFO  - jmeter.util.JsseSSLManager: SSL session context: per-thread 
2018/02/06 14:23:17 INFO  - jmeter.samplers.SampleResult: Note: Sample TimeStamps are START times 
2018/02/06 14:23:17 INFO  - jmeter.samplers.SampleResult: sampleresult.default.encoding is set to utf-8 
2018/02/06 14:23:17 INFO  - jmeter.samplers.SampleResult: sampleresult.useNanoTime=true 
2018/02/06 14:23:17 INFO  - jmeter.samplers.SampleResult: sampleresult.nanoThreadSleep=5000 
2018/02/06 14:23:17 INFO  - jmeter.threads.JMeterThread: Thread finished: 线程组 1-1 
2018/02/06 14:23:17 INFO  - jmeter.engine.StandardJMeterEngine: Notifying test listeners of end of test 
2018/02/06 14:23:17 INFO  - jmeter.reporters.Summariser: summary =      1 in   0.1s =   12.2/s Avg:    82 Min:    82 Max:    82 Err:     0 (0.00%) 
